2022-04-30 22:27:08 INFO edu.baylor.ecs.csi3471.groupProject.Business.Runner <clinit> starting the app
2022-04-30 22:27:13 INFO edu.baylor.ecs.csi3471.groupProject.UI.LoginPage$1 actionPerformed User clicked submit and is attempting to login.
2022-04-30 22:27:13 INFO edu.baylor.ecs.csi3471.groupProject.Business.Login beginLoginProcess jack signed in
2022-04-30 22:27:13 INFO edu.baylor.ecs.csi3471.groupProject.Business.DailyCheckIn showBalance starting rendering of balance
2022-04-30 22:27:13 INFO edu.baylor.ecs.csi3471.groupProject.Persistence.UserDAO updateUser updating the user
2022-04-30 22:27:13 INFO edu.baylor.ecs.csi3471.groupProject.Persistence.UserDAO getUsers getting all the users from the file into list
2022-04-30 22:27:13 INFO edu.baylor.ecs.csi3471.groupProject.Business.DailyCheckIn showBalance balance rendered
2022-04-30 22:27:13 INFO edu.baylor.ecs.csi3471.groupProject.UI.TournamentBracketPanel getBracket tournament bracket being generated
2022-04-30 22:27:13 INFO edu.baylor.ecs.csi3471.groupProject.UI.TournamentBracketPanel initTournamentCharacters Initializing tournament characters
2022-04-30 22:27:13 INFO edu.baylor.ecs.csi3471.groupProject.Business.Character <init> Character Speed created from splitting constructor
2022-04-30 22:27:13 INFO edu.baylor.ecs.csi3471.groupProject.Business.Character <init> Character Jidion created from splitting constructor
2022-04-30 22:27:13 INFO edu.baylor.ecs.csi3471.groupProject.Business.Character <init> Character Batman created from splitting constructor
2022-04-30 22:27:13 INFO edu.baylor.ecs.csi3471.groupProject.Business.Character <init> Character Superman created from splitting constructor
2022-04-30 22:27:13 INFO edu.baylor.ecs.csi3471.groupProject.Business.Character <init> Character Thanos created from splitting constructor
2022-04-30 22:27:13 INFO edu.baylor.ecs.csi3471.groupProject.Business.Character <init> Character Matthew Mayer created from splitting constructor
2022-04-30 22:27:13 INFO edu.baylor.ecs.csi3471.groupProject.Business.Character <init> Character Kirby created from splitting constructor
2022-04-30 22:27:13 INFO edu.baylor.ecs.csi3471.groupProject.Business.Character <init> Character Spider-Ham created from splitting constructor
2022-04-30 22:27:13 INFO edu.baylor.ecs.csi3471.groupProject.UI.TournamentBracketPanel getBracket adding round one to the tournament bracket
2022-04-30 22:27:13 INFO edu.baylor.ecs.csi3471.groupProject.UI.TournamentBracketPanel addImagesToBracket image 0 is being added to the bracket
2022-04-30 22:27:14 INFO edu.baylor.ecs.csi3471.groupProject.UI.TournamentBracketPanel addImagesToBracket image 1 is being added to the bracket
2022-04-30 22:27:14 INFO edu.baylor.ecs.csi3471.groupProject.UI.TournamentBracketPanel addImagesToBracket image 2 is being added to the bracket
2022-04-30 22:27:14 INFO edu.baylor.ecs.csi3471.groupProject.UI.TournamentBracketPanel addImagesToBracket image 3 is being added to the bracket
2022-04-30 22:27:14 INFO edu.baylor.ecs.csi3471.groupProject.UI.TournamentBracketPanel addImagesToBracket image 4 is being added to the bracket
2022-04-30 22:27:14 INFO edu.baylor.ecs.csi3471.groupProject.UI.TournamentBracketPanel addImagesToBracket image 5 is being added to the bracket
2022-04-30 22:27:15 INFO edu.baylor.ecs.csi3471.groupProject.UI.TournamentBracketPanel addImagesToBracket image 6 is being added to the bracket
2022-04-30 22:27:15 INFO edu.baylor.ecs.csi3471.groupProject.UI.TournamentBracketPanel addImagesToBracket image 7 is being added to the bracket
2022-04-30 22:27:17 INFO edu.baylor.ecs.csi3471.groupProject.UI.TournamentBracketPanel getBracketCharacters returning tournament characters
2022-04-30 22:27:17 INFO edu.baylor.ecs.csi3471.groupProject.UI.TournamentBracketPanel initTournamentCharacters Initializing tournament characters
2022-04-30 22:27:17 INFO edu.baylor.ecs.csi3471.groupProject.Business.Character <init> Character Speed created from splitting constructor
2022-04-30 22:27:17 INFO edu.baylor.ecs.csi3471.groupProject.Business.Character <init> Character Jidion created from splitting constructor
2022-04-30 22:27:17 INFO edu.baylor.ecs.csi3471.groupProject.Business.Character <init> Character Batman created from splitting constructor
2022-04-30 22:27:17 INFO edu.baylor.ecs.csi3471.groupProject.Business.Character <init> Character Superman created from splitting constructor
2022-04-30 22:27:17 INFO edu.baylor.ecs.csi3471.groupProject.Business.Character <init> Character Thanos created from splitting constructor
2022-04-30 22:27:17 INFO edu.baylor.ecs.csi3471.groupProject.Business.Character <init> Character Matthew Mayer created from splitting constructor
2022-04-30 22:27:17 INFO edu.baylor.ecs.csi3471.groupProject.Business.Character <init> Character Kirby created from splitting constructor
2022-04-30 22:27:17 INFO edu.baylor.ecs.csi3471.groupProject.Business.Character <init> Character Spider-Ham created from splitting constructor
2022-04-30 22:27:17 INFO edu.baylor.ecs.csi3471.groupProject.UI.VotingBoothGUI createAndShowGUI create GUI invoked
2022-04-30 22:27:17 INFO edu.baylor.ecs.csi3471.groupProject.Persistence.VotingBoothDAO <init> VotingBooth Class Called
2022-04-30 22:27:17 INFO edu.baylor.ecs.csi3471.groupProject.Persistence.VotingBoothDAO createPane create pane
2022-04-30 22:27:17 INFO edu.baylor.ecs.csi3471.groupProject.Persistence.VotingBoothDAO <init> User is Admin
2022-04-30 22:27:17 INFO edu.baylor.ecs.csi3471.groupProject.Persistence.VotingBoothDAO <init> VotingBooth Class Called
2022-04-30 22:27:17 INFO edu.baylor.ecs.csi3471.groupProject.Persistence.VotingBoothDAO createPane create pane
2022-04-30 22:27:17 INFO edu.baylor.ecs.csi3471.groupProject.Persistence.VotingBoothDAO <init> User is Admin
2022-04-30 22:27:17 INFO edu.baylor.ecs.csi3471.groupProject.Persistence.VotingBoothDAO <init> VotingBooth Class Called
2022-04-30 22:27:17 INFO edu.baylor.ecs.csi3471.groupProject.Persistence.VotingBoothDAO createPane create pane
2022-04-30 22:27:17 INFO edu.baylor.ecs.csi3471.groupProject.Persistence.VotingBoothDAO <init> User is Admin
2022-04-30 22:27:17 INFO edu.baylor.ecs.csi3471.groupProject.Persistence.VotingBoothDAO <init> VotingBooth Class Called
2022-04-30 22:27:19 INFO edu.baylor.ecs.csi3471.groupProject.Persistence.VotingBoothDAO createPane create pane
2022-04-30 22:27:19 INFO edu.baylor.ecs.csi3471.groupProject.Persistence.VotingBoothDAO <init> User is Admin
2022-04-30 22:27:21 INFO edu.baylor.ecs.csi3471.groupProject.Persistence.VotingBoothDAO$2 actionPerformed Vote Button is Activated
2022-04-30 22:27:21 INFO edu.baylor.ecs.csi3471.groupProject.UI.TournamentBracketPanel getBracketCharacters returning tournament characters
2022-04-30 22:27:21 INFO edu.baylor.ecs.csi3471.groupProject.UI.TournamentBracketPanel initTournamentCharacters Initializing tournament characters
2022-04-30 22:27:21 INFO edu.baylor.ecs.csi3471.groupProject.Business.Character <init> Character Speed created from splitting constructor
2022-04-30 22:27:21 INFO edu.baylor.ecs.csi3471.groupProject.Business.Character <init> Character Jidion created from splitting constructor
2022-04-30 22:27:21 INFO edu.baylor.ecs.csi3471.groupProject.Business.Character <init> Character Batman created from splitting constructor
2022-04-30 22:27:21 INFO edu.baylor.ecs.csi3471.groupProject.Business.Character <init> Character Superman created from splitting constructor
2022-04-30 22:27:21 INFO edu.baylor.ecs.csi3471.groupProject.Business.Character <init> Character Thanos created from splitting constructor
2022-04-30 22:27:21 INFO edu.baylor.ecs.csi3471.groupProject.Business.Character <init> Character Matthew Mayer created from splitting constructor
2022-04-30 22:27:21 INFO edu.baylor.ecs.csi3471.groupProject.Business.Character <init> Character Kirby created from splitting constructor
2022-04-30 22:27:21 INFO edu.baylor.ecs.csi3471.groupProject.Business.Character <init> Character Spider-Ham created from splitting constructor
2022-04-30 22:27:21 INFO edu.baylor.ecs.csi3471.groupProject.Persistence.CharacterVotesDAO getCharacterVoteByUsername getting user from username
2022-04-30 22:27:21 WARNING edu.baylor.ecs.csi3471.groupProject.Persistence.CharacterVotesDAO getCharacterVoteByUsername username did not exist
2022-04-30 22:27:24 INFO edu.baylor.ecs.csi3471.groupProject.Persistence.UserDAO updateUser updating the user
2022-04-30 22:27:24 INFO edu.baylor.ecs.csi3471.groupProject.Persistence.UserDAO getUsers getting all the users from the file into list
2022-04-30 22:27:24 INFO edu.baylor.ecs.csi3471.groupProject.Persistence.CharacterVotesDAO updateCharacterVotes updating the user
2022-04-30 22:27:24 INFO edu.baylor.ecs.csi3471.groupProject.Persistence.CharacterVotesDAO getCharacterVotes getting all the users from the file into list
2022-04-30 22:27:26 INFO edu.baylor.ecs.csi3471.groupProject.Persistence.VotingBoothDAO$2 actionPerformed Vote Button is Activated
2022-04-30 22:27:26 INFO edu.baylor.ecs.csi3471.groupProject.UI.TournamentBracketPanel getBracketCharacters returning tournament characters
2022-04-30 22:27:26 INFO edu.baylor.ecs.csi3471.groupProject.UI.TournamentBracketPanel initTournamentCharacters Initializing tournament characters
2022-04-30 22:27:26 INFO edu.baylor.ecs.csi3471.groupProject.Business.Character <init> Character Speed created from splitting constructor
2022-04-30 22:27:26 INFO edu.baylor.ecs.csi3471.groupProject.Business.Character <init> Character Jidion created from splitting constructor
2022-04-30 22:27:26 INFO edu.baylor.ecs.csi3471.groupProject.Business.Character <init> Character Batman created from splitting constructor
2022-04-30 22:27:26 INFO edu.baylor.ecs.csi3471.groupProject.Business.Character <init> Character Superman created from splitting constructor
2022-04-30 22:27:26 INFO edu.baylor.ecs.csi3471.groupProject.Business.Character <init> Character Thanos created from splitting constructor
2022-04-30 22:27:26 INFO edu.baylor.ecs.csi3471.groupProject.Business.Character <init> Character Matthew Mayer created from splitting constructor
2022-04-30 22:27:26 INFO edu.baylor.ecs.csi3471.groupProject.Business.Character <init> Character Kirby created from splitting constructor
2022-04-30 22:27:26 INFO edu.baylor.ecs.csi3471.groupProject.Business.Character <init> Character Spider-Ham created from splitting constructor
2022-04-30 22:27:26 INFO edu.baylor.ecs.csi3471.groupProject.Persistence.CharacterVotesDAO getCharacterVoteByUsername getting user from username
2022-04-30 22:27:28 INFO edu.baylor.ecs.csi3471.groupProject.Persistence.UserDAO updateUser updating the user
2022-04-30 22:27:28 INFO edu.baylor.ecs.csi3471.groupProject.Persistence.UserDAO getUsers getting all the users from the file into list
2022-04-30 22:27:29 INFO edu.baylor.ecs.csi3471.groupProject.Persistence.CharacterVotesDAO updateCharacterVotes updating the user
2022-04-30 22:27:29 INFO edu.baylor.ecs.csi3471.groupProject.Persistence.CharacterVotesDAO getCharacterVotes getting all the users from the file into list
2022-04-30 22:27:32 INFO edu.baylor.ecs.csi3471.groupProject.Persistence.VotingBoothDAO$2 actionPerformed Vote Button is Activated
2022-04-30 22:27:32 INFO edu.baylor.ecs.csi3471.groupProject.UI.TournamentBracketPanel getBracketCharacters returning tournament characters
2022-04-30 22:27:32 INFO edu.baylor.ecs.csi3471.groupProject.UI.TournamentBracketPanel initTournamentCharacters Initializing tournament characters
2022-04-30 22:27:32 INFO edu.baylor.ecs.csi3471.groupProject.Business.Character <init> Character Speed created from splitting constructor
2022-04-30 22:27:32 INFO edu.baylor.ecs.csi3471.groupProject.Business.Character <init> Character Jidion created from splitting constructor
2022-04-30 22:27:32 INFO edu.baylor.ecs.csi3471.groupProject.Business.Character <init> Character Batman created from splitting constructor
2022-04-30 22:27:32 INFO edu.baylor.ecs.csi3471.groupProject.Business.Character <init> Character Superman created from splitting constructor
2022-04-30 22:27:32 INFO edu.baylor.ecs.csi3471.groupProject.Business.Character <init> Character Thanos created from splitting constructor
2022-04-30 22:27:32 INFO edu.baylor.ecs.csi3471.groupProject.Business.Character <init> Character Matthew Mayer created from splitting constructor
2022-04-30 22:27:32 INFO edu.baylor.ecs.csi3471.groupProject.Business.Character <init> Character Kirby created from splitting constructor
2022-04-30 22:27:32 INFO edu.baylor.ecs.csi3471.groupProject.Business.Character <init> Character Spider-Ham created from splitting constructor
2022-04-30 22:27:32 INFO edu.baylor.ecs.csi3471.groupProject.Persistence.CharacterVotesDAO getCharacterVoteByUsername getting user from username
2022-04-30 22:27:35 INFO edu.baylor.ecs.csi3471.groupProject.Persistence.UserDAO updateUser updating the user
2022-04-30 22:27:35 INFO edu.baylor.ecs.csi3471.groupProject.Persistence.UserDAO getUsers getting all the users from the file into list
2022-04-30 22:27:39 INFO edu.baylor.ecs.csi3471.groupProject.Persistence.CharacterVotesDAO updateCharacterVotes updating the user
2022-04-30 22:27:39 INFO edu.baylor.ecs.csi3471.groupProject.Persistence.CharacterVotesDAO getCharacterVotes getting all the users from the file into list
2022-04-30 22:27:42 INFO edu.baylor.ecs.csi3471.groupProject.Persistence.VotingBoothDAO$2 actionPerformed Vote Button is Activated
2022-04-30 22:27:42 INFO edu.baylor.ecs.csi3471.groupProject.UI.TournamentBracketPanel getBracketCharacters returning tournament characters
2022-04-30 22:27:42 INFO edu.baylor.ecs.csi3471.groupProject.UI.TournamentBracketPanel initTournamentCharacters Initializing tournament characters
2022-04-30 22:27:42 INFO edu.baylor.ecs.csi3471.groupProject.Business.Character <init> Character Speed created from splitting constructor
2022-04-30 22:27:42 INFO edu.baylor.ecs.csi3471.groupProject.Business.Character <init> Character Jidion created from splitting constructor
2022-04-30 22:27:42 INFO edu.baylor.ecs.csi3471.groupProject.Business.Character <init> Character Batman created from splitting constructor
2022-04-30 22:27:42 INFO edu.baylor.ecs.csi3471.groupProject.Business.Character <init> Character Superman created from splitting constructor
2022-04-30 22:27:42 INFO edu.baylor.ecs.csi3471.groupProject.Business.Character <init> Character Thanos created from splitting constructor
2022-04-30 22:27:42 INFO edu.baylor.ecs.csi3471.groupProject.Business.Character <init> Character Matthew Mayer created from splitting constructor
2022-04-30 22:27:42 INFO edu.baylor.ecs.csi3471.groupProject.Business.Character <init> Character Kirby created from splitting constructor
2022-04-30 22:27:42 INFO edu.baylor.ecs.csi3471.groupProject.Business.Character <init> Character Spider-Ham created from splitting constructor
2022-04-30 22:27:42 INFO edu.baylor.ecs.csi3471.groupProject.Persistence.CharacterVotesDAO getCharacterVoteByUsername getting user from username
2022-04-30 22:27:47 INFO edu.baylor.ecs.csi3471.groupProject.Persistence.UserDAO updateUser updating the user
2022-04-30 22:27:47 INFO edu.baylor.ecs.csi3471.groupProject.Persistence.UserDAO getUsers getting all the users from the file into list
2022-04-30 22:27:54 INFO edu.baylor.ecs.csi3471.groupProject.Persistence.CharacterVotesDAO updateCharacterVotes updating the user
2022-04-30 22:27:54 INFO edu.baylor.ecs.csi3471.groupProject.Persistence.CharacterVotesDAO getCharacterVotes getting all the users from the file into list
2022-04-30 22:27:55 INFO edu.baylor.ecs.csi3471.groupProject.Persistence.VotingBoothDAO$1 actionPerformed End Match Button Pressed
2022-04-30 22:27:55 INFO edu.baylor.ecs.csi3471.groupProject.Persistence.CharacterVotesDAO getCharacterVotes getting all the users from the file into list
2022-04-30 22:27:55 INFO edu.baylor.ecs.csi3471.groupProject.Business.Character charToCSV Character converted to csv form to print
2022-04-30 22:27:57 INFO edu.baylor.ecs.csi3471.groupProject.UI.TournamentBracketPanel getBracketCharacters returning tournament characters
2022-04-30 22:27:57 INFO edu.baylor.ecs.csi3471.groupProject.UI.TournamentBracketPanel initTournamentCharacters Initializing tournament characters
2022-04-30 22:27:57 INFO edu.baylor.ecs.csi3471.groupProject.Business.Character <init> Character Speed created from splitting constructor
2022-04-30 22:27:57 INFO edu.baylor.ecs.csi3471.groupProject.Business.Character <init> Character Jidion created from splitting constructor
2022-04-30 22:27:57 INFO edu.baylor.ecs.csi3471.groupProject.Business.Character <init> Character Batman created from splitting constructor
2022-04-30 22:27:57 INFO edu.baylor.ecs.csi3471.groupProject.Business.Character <init> Character Superman created from splitting constructor
2022-04-30 22:27:57 INFO edu.baylor.ecs.csi3471.groupProject.Business.Character <init> Character Thanos created from splitting constructor
2022-04-30 22:27:57 INFO edu.baylor.ecs.csi3471.groupProject.Business.Character <init> Character Matthew Mayer created from splitting constructor
2022-04-30 22:27:57 INFO edu.baylor.ecs.csi3471.groupProject.Business.Character <init> Character Kirby created from splitting constructor
2022-04-30 22:27:57 INFO edu.baylor.ecs.csi3471.groupProject.Business.Character <init> Character Spider-Ham created from splitting constructor
2022-04-30 22:27:57 INFO edu.baylor.ecs.csi3471.groupProject.Business.Character <init> Character Jidion created from splitting constructor
2022-04-30 22:27:57 INFO edu.baylor.ecs.csi3471.groupProject.Persistence.UserDAO getUsers getting all the users from the file into list
2022-04-30 22:27:57 INFO edu.baylor.ecs.csi3471.groupProject.Persistence.CharacterVotesDAO getCharacterVotes getting all the users from the file into list
2022-04-30 22:27:58 INFO edu.baylor.ecs.csi3471.groupProject.Persistence.VotingBoothDAO$1 actionPerformed End Match Button Pressed
2022-04-30 22:27:58 INFO edu.baylor.ecs.csi3471.groupProject.Persistence.CharacterVotesDAO getCharacterVotes getting all the users from the file into list
2022-04-30 22:27:58 INFO edu.baylor.ecs.csi3471.groupProject.Business.Character charToCSV Character converted to csv form to print
2022-04-30 22:27:59 INFO edu.baylor.ecs.csi3471.groupProject.UI.TournamentBracketPanel getBracketCharacters returning tournament characters
2022-04-30 22:27:59 INFO edu.baylor.ecs.csi3471.groupProject.UI.TournamentBracketPanel initTournamentCharacters Initializing tournament characters
2022-04-30 22:27:59 INFO edu.baylor.ecs.csi3471.groupProject.Business.Character <init> Character Speed created from splitting constructor
2022-04-30 22:27:59 INFO edu.baylor.ecs.csi3471.groupProject.Business.Character <init> Character Jidion created from splitting constructor
2022-04-30 22:27:59 INFO edu.baylor.ecs.csi3471.groupProject.Business.Character <init> Character Batman created from splitting constructor
2022-04-30 22:27:59 INFO edu.baylor.ecs.csi3471.groupProject.Business.Character <init> Character Superman created from splitting constructor
2022-04-30 22:27:59 INFO edu.baylor.ecs.csi3471.groupProject.Business.Character <init> Character Thanos created from splitting constructor
2022-04-30 22:27:59 INFO edu.baylor.ecs.csi3471.groupProject.Business.Character <init> Character Matthew Mayer created from splitting constructor
2022-04-30 22:27:59 INFO edu.baylor.ecs.csi3471.groupProject.Business.Character <init> Character Kirby created from splitting constructor
2022-04-30 22:27:59 INFO edu.baylor.ecs.csi3471.groupProject.Business.Character <init> Character Spider-Ham created from splitting constructor
2022-04-30 22:27:59 INFO edu.baylor.ecs.csi3471.groupProject.Business.Character <init> Character Jidion created from splitting constructor
2022-04-30 22:27:59 INFO edu.baylor.ecs.csi3471.groupProject.Business.Character <init> Character Batman created from splitting constructor
2022-04-30 22:27:59 INFO edu.baylor.ecs.csi3471.groupProject.Persistence.UserDAO getUsers getting all the users from the file into list
2022-04-30 22:27:59 INFO edu.baylor.ecs.csi3471.groupProject.Persistence.CharacterVotesDAO getCharacterVotes getting all the users from the file into list
2022-04-30 22:27:59 INFO edu.baylor.ecs.csi3471.groupProject.Persistence.VotingBoothDAO$1 actionPerformed End Match Button Pressed
2022-04-30 22:27:59 INFO edu.baylor.ecs.csi3471.groupProject.Persistence.CharacterVotesDAO getCharacterVotes getting all the users from the file into list
2022-04-30 22:27:59 INFO edu.baylor.ecs.csi3471.groupProject.Business.Character charToCSV Character converted to csv form to print
2022-04-30 22:28:00 INFO edu.baylor.ecs.csi3471.groupProject.UI.TournamentBracketPanel getBracketCharacters returning tournament characters
2022-04-30 22:28:00 INFO edu.baylor.ecs.csi3471.groupProject.UI.TournamentBracketPanel initTournamentCharacters Initializing tournament characters
2022-04-30 22:28:00 INFO edu.baylor.ecs.csi3471.groupProject.Business.Character <init> Character Speed created from splitting constructor
2022-04-30 22:28:00 INFO edu.baylor.ecs.csi3471.groupProject.Business.Character <init> Character Jidion created from splitting constructor
2022-04-30 22:28:00 INFO edu.baylor.ecs.csi3471.groupProject.Business.Character <init> Character Batman created from splitting constructor
2022-04-30 22:28:00 INFO edu.baylor.ecs.csi3471.groupProject.Business.Character <init> Character Superman created from splitting constructor
2022-04-30 22:28:00 INFO edu.baylor.ecs.csi3471.groupProject.Business.Character <init> Character Thanos created from splitting constructor
2022-04-30 22:28:00 INFO edu.baylor.ecs.csi3471.groupProject.Business.Character <init> Character Matthew Mayer created from splitting constructor
2022-04-30 22:28:00 INFO edu.baylor.ecs.csi3471.groupProject.Business.Character <init> Character Kirby created from splitting constructor
2022-04-30 22:28:00 INFO edu.baylor.ecs.csi3471.groupProject.Business.Character <init> Character Spider-Ham created from splitting constructor
2022-04-30 22:28:00 INFO edu.baylor.ecs.csi3471.groupProject.Business.Character <init> Character Jidion created from splitting constructor
2022-04-30 22:28:00 INFO edu.baylor.ecs.csi3471.groupProject.Business.Character <init> Character Batman created from splitting constructor
2022-04-30 22:28:00 INFO edu.baylor.ecs.csi3471.groupProject.Business.Character <init> Character Thanos created from splitting constructor
2022-04-30 22:28:00 INFO edu.baylor.ecs.csi3471.groupProject.Persistence.UserDAO getUsers getting all the users from the file into list
2022-04-30 22:28:00 INFO edu.baylor.ecs.csi3471.groupProject.Persistence.CharacterVotesDAO getCharacterVotes getting all the users from the file into list
2022-04-30 22:28:01 INFO edu.baylor.ecs.csi3471.groupProject.Persistence.VotingBoothDAO$1 actionPerformed End Match Button Pressed
2022-04-30 22:28:01 INFO edu.baylor.ecs.csi3471.groupProject.Persistence.CharacterVotesDAO getCharacterVotes getting all the users from the file into list
2022-04-30 22:28:02 INFO edu.baylor.ecs.csi3471.groupProject.Business.Character charToCSV Character converted to csv form to print
2022-04-30 22:28:03 INFO edu.baylor.ecs.csi3471.groupProject.UI.TournamentBracketPanel getBracketCharacters returning tournament characters
2022-04-30 22:28:03 INFO edu.baylor.ecs.csi3471.groupProject.UI.TournamentBracketPanel initTournamentCharacters Initializing tournament characters
2022-04-30 22:28:03 INFO edu.baylor.ecs.csi3471.groupProject.Business.Character <init> Character Speed created from splitting constructor
2022-04-30 22:28:03 INFO edu.baylor.ecs.csi3471.groupProject.Business.Character <init> Character Jidion created from splitting constructor
2022-04-30 22:28:03 INFO edu.baylor.ecs.csi3471.groupProject.Business.Character <init> Character Batman created from splitting constructor
2022-04-30 22:28:03 INFO edu.baylor.ecs.csi3471.groupProject.Business.Character <init> Character Superman created from splitting constructor
2022-04-30 22:28:03 INFO edu.baylor.ecs.csi3471.groupProject.Business.Character <init> Character Thanos created from splitting constructor
2022-04-30 22:28:03 INFO edu.baylor.ecs.csi3471.groupProject.Business.Character <init> Character Matthew Mayer created from splitting constructor
2022-04-30 22:28:03 INFO edu.baylor.ecs.csi3471.groupProject.Business.Character <init> Character Kirby created from splitting constructor
2022-04-30 22:28:03 INFO edu.baylor.ecs.csi3471.groupProject.Business.Character <init> Character Spider-Ham created from splitting constructor
2022-04-30 22:28:03 INFO edu.baylor.ecs.csi3471.groupProject.Business.Character <init> Character Jidion created from splitting constructor
2022-04-30 22:28:03 INFO edu.baylor.ecs.csi3471.groupProject.Business.Character <init> Character Batman created from splitting constructor
2022-04-30 22:28:03 INFO edu.baylor.ecs.csi3471.groupProject.Business.Character <init> Character Thanos created from splitting constructor
2022-04-30 22:28:03 INFO edu.baylor.ecs.csi3471.groupProject.Business.Character <init> Character Kirby created from splitting constructor
2022-04-30 22:28:03 INFO edu.baylor.ecs.csi3471.groupProject.Persistence.UserDAO getUsers getting all the users from the file into list
2022-04-30 22:28:03 INFO edu.baylor.ecs.csi3471.groupProject.Persistence.CharacterVotesDAO getCharacterVotes getting all the users from the file into list
